<?xml version='1.0' encoding='UTF-8'?>
<testsuites>
  <testsuite name='com.dynamo.demobazel.leetcodes.Q802.SolutionTest' file='demo_bazel/src/test/java/com/dynamo/demobazel/leetcodes/Q802/SolutionTest.java' timestamp='2023-07-20T11:52:44.250Z' hostname='localhost' tests='2' failures='0' errors='0' time='0.008' package='' id='0'>
    <properties />
    <testcase name='testThrowError' classname='com.dynamo.demobazel.leetcodes.Q802.SolutionTest' time='0.007' />
    <testcase name='testCorrectSolution' classname='com.dynamo.demobazel.leetcodes.Q802.SolutionTest' time='0.0' />
    <system-out />
    <system-err /></testsuite></testsuites>
